Using the environment variables file .msr_data_migration.env.PSTEST


==== Starting the repositories migration ====

Count of repositories to be migrated: 10
Repo List: testuser1/testrepo-4
testuser1/testrepo-3
admin/testrepo-4
testuser1/testrepo-2
admin/testrepo-2
admin/testrepo-3
testuser1/testrepo-1
admin/testrepo-5
testuser1/testrepo-5
admin/testrepo-1
SOURCE_MSR_URL: aws-mke-msr-ubuntu2004-msr-lb-448d46d92d7a72db.elb.eu-west-1.amazonaws.com
DEST_MSR_URL: 3.255.235.204:34034
testuser1/testrepo-2	===== Migrating repo testrepo-2 from namespace testuser1 =====
testuser1/testrepo-2	Repo JSON: [
testuser1/testrepo-2	  {
testuser1/testrepo-2	    "id": "7ad8322c-13e2-4d56-b9f1-0ab762a4a9b1",
testuser1/testrepo-2	    "immutableTags": false,
testuser1/testrepo-2	    "name": "testrepo-2",
testuser1/testrepo-2	    "namespaceAccountID": "b1e6ac72-5a31-4e0a-b841-6af57f03a5fc",
testuser1/testrepo-2	    "namespaceName": "testuser1",
testuser1/testrepo-2	    "pk": "431b154b685625047944a2cead6974f3b5c6f10de52cb144d58382f15037d649",
testuser1/testrepo-2	    "pulls": 200,
testuser1/testrepo-2	    "pushes": 10,
testuser1/testrepo-2	    "scanOnPush": false,
testuser1/testrepo-2	    "tagLimit": 0,
testuser1/testrepo-2	    "visibility": "private"
testuser1/testrepo-2	  }
testuser1/testrepo-2	]
testuser1/testrepo-2	{"deleted":0,"errors":1,"first_error":"Duplicate primary key `pk`:\n{\n\t\"id\":\t\"7ad8322c-13e2-4d56-b9f1-0ab762a4a9b1\",\n\t\"immutableTags\":\tfalse,\n\t\"name\":\t\"testrepo-2\",\n\t\"namespaceAccountID\":\t\"b1e6ac72-5a31-4e0a-b841-6af57f03a5fc\",\n\t\"namespaceName\":\t\"testuser1\",\n\t\"pk\":\t\"431b154b685625047944a2cead6974f3b5c6f10de52cb144d58382f15037d649\",\n\t\"pulls\":\t180,\n\t\"pushes\":\t12,\n\t\"scanOnPush\":\tfalse,\n\t\"tagLimit\":\t0,\n\t\"visibility\":\t\"private\"\n}\n{\n\t\"id\":\t\"7ad8322c-13e2-4d56-b9f1-0ab762a4a9b1\",\n\t\"immutableTags\":\tfalse,\n\t\"name\":\t\"testrepo-2\",\n\t\"namespaceAccountID\":\t\"b1e6ac72-5a31-4e0a-b841-6af57f03a5fc\",\n\t\"namespaceName\":\t\"testuser1\",\n\t\"pk\":\t\"431b154b685625047944a2cead6974f3b5c6f10de52cb144d58382f15037d649\",\n\t\"pulls\":\t200,\n\t\"pushes\":\t10,\n\t\"scanOnPush\":\tfalse,\n\t\"tagLimit\":\t0,\n\t\"visibility\":\t\"private\"\n}","inserted":0,"replaced":0,"skipped":0,"unchanged":0}testuser1/testrepo-4	===== Migrating repo testrepo-4 from namespace testuser1 =====
testuser1/testrepo-4	Repo JSON: [
testuser1/testrepo-4	  {
testuser1/testrepo-4	    "id": "04a05357-9bae-4622-92ee-4774e802e678",
testuser1/testrepo-4	    "immutableTags": false,
testuser1/testrepo-4	    "name": "testrepo-4",
testuser1/testrepo-4	    "namespaceAccountID": "b1e6ac72-5a31-4e0a-b841-6af57f03a5fc",
testuser1/testrepo-4	    "namespaceName": "testuser1",
testuser1/testrepo-4	    "pk": "efcb205f410563c53077d3f8e783866645c4030f4e8ada26ba24fac595853683",
testuser1/testrepo-4	    "pulls": 191,
testuser1/testrepo-4	    "pushes": 10,
testuser1/testrepo-4	    "scanOnPush": false,
testuser1/testrepo-4	    "tagLimit": 0,
testuser1/testrepo-4	    "visibility": "private"
testuser1/testrepo-4	  }
testuser1/testrepo-4	]
testuser1/testrepo-4	{"deleted":0,"errors":1,"first_error":"Duplicate primary key `pk`:\n{\n\t\"id\":\t\"04a05357-9bae-4622-92ee-4774e802e678\",\n\t\"immutableTags\":\tfalse,\n\t\"name\":\t\"testrepo-4\",\n\t\"namespaceAccountID\":\t\"b1e6ac72-5a31-4e0a-b841-6af57f03a5fc\",\n\t\"namespaceName\":\t\"testuser1\",\n\t\"pk\":\t\"efcb205f410563c53077d3f8e783866645c4030f4e8ada26ba24fac595853683\",\n\t\"pulls\":\t171,\n\t\"pushes\":\t18,\n\t\"scanOnPush\":\tfalse,\n\t\"tagLimit\":\t0,\n\t\"visibility\":\t\"private\"\n}\n{\n\t\"id\":\t\"04a05357-9bae-4622-92ee-4774e802e678\",\n\t\"immutableTags\":\tfalse,\n\t\"name\":\t\"testrepo-4\",\n\t\"namespaceAccountID\":\t\"b1e6ac72-5a31-4e0a-b841-6af57f03a5fc\",\n\t\"namespaceName\":\t\"testuser1\",\n\t\"pk\":\t\"efcb205f410563c53077d3f8e783866645c4030f4e8ada26ba24fac595853683\",\n\t\"pulls\":\t191,\n\t\"pushes\":\t10,\n\t\"scanOnPush\":\tfalse,\n\t\"tagLimit\":\t0,\n\t\"visibility\":\t\"private\"\n}","inserted":0,"replaced":0,"skipped":0,"unchanged":0}admin/testrepo-4	===== Migrating repo testrepo-4 from namespace admin =====
admin/testrepo-4	Repo JSON: [
admin/testrepo-4	  {
admin/testrepo-4	    "id": "adadbe5d-93cc-44a1-943e-eb08e497be4a",
admin/testrepo-4	    "immutableTags": false,
admin/testrepo-4	    "name": "testrepo-4",
admin/testrepo-4	    "namespaceAccountID": "966d069e-9092-40dd-bd88-386b1e9e1357",
admin/testrepo-4	    "namespaceName": "admin",
admin/testrepo-4	    "pk": "7866c35a1e1e9a941e138c7d0a67290233376b894b386f9c29e6e162d41d6eb7",
admin/testrepo-4	    "pulls": 218,
admin/testrepo-4	    "pushes": 10,
admin/testrepo-4	    "scanOnPush": false,
admin/testrepo-4	    "tagLimit": 0,
admin/testrepo-4	    "visibility": "private"
admin/testrepo-4	  }
admin/testrepo-4	]
admin/testrepo-4	{"deleted":0,"errors":1,"first_error":"Duplicate primary key `pk`:\n{\n\t\"id\":\t\"adadbe5d-93cc-44a1-943e-eb08e497be4a\",\n\t\"immutableTags\":\tfalse,\n\t\"name\":\t\"testrepo-4\",\n\t\"namespaceAccountID\":\t\"966d069e-9092-40dd-bd88-386b1e9e1357\",\n\t\"namespaceName\":\t\"admin\",\n\t\"pk\":\t\"7866c35a1e1e9a941e138c7d0a67290233376b894b386f9c29e6e162d41d6eb7\",\n\t\"pulls\":\t202,\n\t\"pushes\":\t13,\n\t\"scanOnPush\":\tfalse,\n\t\"tagLimit\":\t0,\n\t\"visibility\":\t\"private\"\n}\n{\n\t\"id\":\t\"adadbe5d-93cc-44a1-943e-eb08e497be4a\",\n\t\"immutableTags\":\tfalse,\n\t\"name\":\t\"testrepo-4\",\n\t\"namespaceAccountID\":\t\"966d069e-9092-40dd-bd88-386b1e9e1357\",\n\t\"namespaceName\":\t\"admin\",\n\t\"pk\":\t\"7866c35a1e1e9a941e138c7d0a67290233376b894b386f9c29e6e162d41d6eb7\",\n\t\"pulls\":\t218,\n\t\"pushes\":\t10,\n\t\"scanOnPush\":\tfalse,\n\t\"tagLimit\":\t0,\n\t\"visibility\":\t\"private\"\n}","inserted":0,"replaced":0,"skipped":0,"unchanged":0}admin/testrepo-2	===== Migrating repo testrepo-2 from namespace admin =====
admin/testrepo-2	Repo JSON: [
admin/testrepo-2	  {
admin/testrepo-2	    "id": "d371f740-0d01-4348-a26a-d45127a04444",
admin/testrepo-2	    "immutableTags": false,
admin/testrepo-2	    "name": "testrepo-2",
admin/testrepo-2	    "namespaceAccountID": "966d069e-9092-40dd-bd88-386b1e9e1357",
admin/testrepo-2	    "namespaceName": "admin",
admin/testrepo-2	    "pk": "57a51e886f799afb242a17f84d1acf481f100095c97c9c881f8b5e538e4a789f",
admin/testrepo-2	    "pulls": 253,
admin/testrepo-2	    "pushes": 10,
admin/testrepo-2	    "scanOnPush": false,
admin/testrepo-2	    "tagLimit": 0,
admin/testrepo-2	    "visibility": "private"
admin/testrepo-2	  }
admin/testrepo-2	]
admin/testrepo-2	{"deleted":0,"errors":1,"first_error":"Duplicate primary key `pk`:\n{\n\t\"id\":\t\"d371f740-0d01-4348-a26a-d45127a04444\",\n\t\"immutableTags\":\tfalse,\n\t\"name\":\t\"testrepo-2\",\n\t\"namespaceAccountID\":\t\"966d069e-9092-40dd-bd88-386b1e9e1357\",\n\t\"namespaceName\":\t\"admin\",\n\t\"pk\":\t\"57a51e886f799afb242a17f84d1acf481f100095c97c9c881f8b5e538e4a789f\",\n\t\"pulls\":\t245,\n\t\"pushes\":\t15,\n\t\"scanOnPush\":\tfalse,\n\t\"tagLimit\":\t0,\n\t\"visibility\":\t\"private\"\n}\n{\n\t\"id\":\t\"d371f740-0d01-4348-a26a-d45127a04444\",\n\t\"immutableTags\":\tfalse,\n\t\"name\":\t\"testrepo-2\",\n\t\"namespaceAccountID\":\t\"966d069e-9092-40dd-bd88-386b1e9e1357\",\n\t\"namespaceName\":\t\"admin\",\n\t\"pk\":\t\"57a51e886f799afb242a17f84d1acf481f100095c97c9c881f8b5e538e4a789f\",\n\t\"pulls\":\t253,\n\t\"pushes\":\t10,\n\t\"scanOnPush\":\tfalse,\n\t\"tagLimit\":\t0,\n\t\"visibility\":\t\"private\"\n}","inserted":0,"replaced":0,"skipped":0,"unchanged":0}testuser1/testrepo-3	===== Migrating repo testrepo-3 from namespace testuser1 =====
testuser1/testrepo-3	Repo JSON: [
testuser1/testrepo-3	  {
testuser1/testrepo-3	    "id": "ea4f3219-8f0d-4976-b792-6ae4f5303821",
testuser1/testrepo-3	    "immutableTags": false,
testuser1/testrepo-3	    "name": "testrepo-3",
testuser1/testrepo-3	    "namespaceAccountID": "b1e6ac72-5a31-4e0a-b841-6af57f03a5fc",
testuser1/testrepo-3	    "namespaceName": "testuser1",
testuser1/testrepo-3	    "pk": "06745927f4f1d13eca7cfaf4f88d5cdb80b5eebd073d26c2224f3781cac7760a",
testuser1/testrepo-3	    "pulls": 200,
testuser1/testrepo-3	    "pushes": 10,
testuser1/testrepo-3	    "scanOnPush": false,
testuser1/testrepo-3	    "tagLimit": 0,
testuser1/testrepo-3	    "visibility": "private"
testuser1/testrepo-3	  }
testuser1/testrepo-3	]
testuser1/testrepo-3	{"deleted":0,"errors":1,"first_error":"Duplicate primary key `pk`:\n{\n\t\"id\":\t\"ea4f3219-8f0d-4976-b792-6ae4f5303821\",\n\t\"immutableTags\":\tfalse,\n\t\"name\":\t\"testrepo-3\",\n\t\"namespaceAccountID\":\t\"b1e6ac72-5a31-4e0a-b841-6af57f03a5fc\",\n\t\"namespaceName\":\t\"testuser1\",\n\t\"pk\":\t\"06745927f4f1d13eca7cfaf4f88d5cdb80b5eebd073d26c2224f3781cac7760a\",\n\t\"pulls\":\t180,\n\t\"pushes\":\t20,\n\t\"scanOnPush\":\tfalse,\n\t\"tagLimit\":\t0,\n\t\"visibility\":\t\"private\"\n}\n{\n\t\"id\":\t\"ea4f3219-8f0d-4976-b792-6ae4f5303821\",\n\t\"immutableTags\":\tfalse,\n\t\"name\":\t\"testrepo-3\",\n\t\"namespaceAccountID\":\t\"b1e6ac72-5a31-4e0a-b841-6af57f03a5fc\",\n\t\"namespaceName\":\t\"testuser1\",\n\t\"pk\":\t\"06745927f4f1d13eca7cfaf4f88d5cdb80b5eebd073d26c2224f3781cac7760a\",\n\t\"pulls\":\t200,\n\t\"pushes\":\t10,\n\t\"scanOnPush\":\tfalse,\n\t\"tagLimit\":\t0,\n\t\"visibility\":\t\"private\"\n}","inserted":0,"replaced":0,"skipped":0,"unchanged":0}testuser1/testrepo-1	===== Migrating repo testrepo-1 from namespace testuser1 =====
testuser1/testrepo-1	Repo JSON: [
testuser1/testrepo-1	  {
testuser1/testrepo-1	    "id": "944bcbe3-4b63-418d-b524-6343478e6c9f",
testuser1/testrepo-1	    "immutableTags": false,
testuser1/testrepo-1	    "longDescription": "",
testuser1/testrepo-1	    "name": "testrepo-1",
testuser1/testrepo-1	    "namespaceAccountID": "b1e6ac72-5a31-4e0a-b841-6af57f03a5fc",
testuser1/testrepo-1	    "namespaceName": "testuser1",
testuser1/testrepo-1	    "pk": "b84117ff91b34bf9d8ff7aba354908902aa41b4e89b76b71fa9c89d4686cef29",
testuser1/testrepo-1	    "pulls": 235,
testuser1/testrepo-1	    "pushes": 309,
testuser1/testrepo-1	    "scanOnPush": false,
testuser1/testrepo-1	    "shortDescription": "",
testuser1/testrepo-1	    "tagLimit": 0,
testuser1/testrepo-1	    "visibility": "public"
testuser1/testrepo-1	  }
testuser1/testrepo-1	]
testuser1/testrepo-1	{"deleted":0,"errors":1,"first_error":"Duplicate primary key `pk`:\n{\n\t\"id\":\t\"944bcbe3-4b63-418d-b524-6343478e6c9f\",\n\t\"immutableTags\":\tfalse,\n\t\"longDescription\":\t\"\",\n\t\"name\":\t\"testrepo-1\",\n\t\"namespaceAccountID\":\t\"b1e6ac72-5a31-4e0a-b841-6af57f03a5fc\",\n\t\"namespaceName\":\t\"testuser1\",\n\t\"pk\":\t\"b84117ff91b34bf9d8ff7aba354908902aa41b4e89b76b71fa9c89d4686cef29\",\n\t\"pulls\":\t209,\n\t\"pushes\":\t305,\n\t\"scanOnPush\":\tfalse,\n\t\"shortDescription\":\t\"\",\n\t\"tagLimit\":\t0,\n\t\"visibility\":\t\"public\"\n}\n{\n\t\"id\":\t\"944bcbe3-4b63-418d-b524-6343478e6c9f\",\n\t\"immutableTags\":\tfalse,\n\t\"longDescription\":\t\"\",\n\t\"name\":\t\"testrepo-1\",\n\t\"namespaceAccountID\":\t\"b1e6ac72-5a31-4e0a-b841-6af57f03a5fc\",\n\t\"namespaceName\":\t\"testuser1\",\n\t\"pk\":\t\"b84117ff91b34bf9d8ff7aba354908902aa41b4e89b76b71fa9c89d4686cef29\",\n\t\"pulls\":\t235,\n\t\"pushes\":\t309,\n\t\"scanOnPush\":\tfalse,\n\t\"shortDescription\":\t\"\",\n\t\"tagLimit\":\t0,\n\t\"visibility\":\t\"public\"\n}","inserted":0,"replaced":0,"skipped":0,"unchanged":0}admin/testrepo-5	===== Migrating repo testrepo-5 from namespace admin =====
admin/testrepo-5	Repo JSON: [
admin/testrepo-5	  {
admin/testrepo-5	    "id": "b3658a1b-ad36-4d8f-b547-ebcd54930bff",
admin/testrepo-5	    "immutableTags": false,
admin/testrepo-5	    "name": "testrepo-5",
admin/testrepo-5	    "namespaceAccountID": "966d069e-9092-40dd-bd88-386b1e9e1357",
admin/testrepo-5	    "namespaceName": "admin",
admin/testrepo-5	    "pk": "74f0cb94b49ab1c98d4f0e4218b853b49e4bd05efa3de2bc002b73e28fb7f772",
admin/testrepo-5	    "pulls": 209,
admin/testrepo-5	    "pushes": 10,
admin/testrepo-5	    "scanOnPush": false,
admin/testrepo-5	    "tagLimit": 0,
admin/testrepo-5	    "visibility": "private"
admin/testrepo-5	  }
admin/testrepo-5	]
admin/testrepo-5	{"deleted":0,"errors":1,"first_error":"Duplicate primary key `pk`:\n{\n\t\"id\":\t\"b3658a1b-ad36-4d8f-b547-ebcd54930bff\",\n\t\"immutableTags\":\tfalse,\n\t\"name\":\t\"testrepo-5\",\n\t\"namespaceAccountID\":\t\"966d069e-9092-40dd-bd88-386b1e9e1357\",\n\t\"namespaceName\":\t\"admin\",\n\t\"pk\":\t\"74f0cb94b49ab1c98d4f0e4218b853b49e4bd05efa3de2bc002b73e28fb7f772\",\n\t\"pulls\":\t189,\n\t\"pushes\":\t11,\n\t\"scanOnPush\":\tfalse,\n\t\"tagLimit\":\t0,\n\t\"visibility\":\t\"private\"\n}\n{\n\t\"id\":\t\"b3658a1b-ad36-4d8f-b547-ebcd54930bff\",\n\t\"immutableTags\":\tfalse,\n\t\"name\":\t\"testrepo-5\",\n\t\"namespaceAccountID\":\t\"966d069e-9092-40dd-bd88-386b1e9e1357\",\n\t\"namespaceName\":\t\"admin\",\n\t\"pk\":\t\"74f0cb94b49ab1c98d4f0e4218b853b49e4bd05efa3de2bc002b73e28fb7f772\",\n\t\"pulls\":\t209,\n\t\"pushes\":\t10,\n\t\"scanOnPush\":\tfalse,\n\t\"tagLimit\":\t0,\n\t\"visibility\":\t\"private\"\n}","inserted":0,"replaced":0,"skipped":0,"unchanged":0}testuser1/testrepo-5	===== Migrating repo testrepo-5 from namespace testuser1 =====
testuser1/testrepo-5	Repo JSON: [
testuser1/testrepo-5	  {
testuser1/testrepo-5	    "id": "2cf38af6-1114-4328-9275-4d892b1a2bb9",
testuser1/testrepo-5	    "immutableTags": false,
testuser1/testrepo-5	    "name": "testrepo-5",
testuser1/testrepo-5	    "namespaceAccountID": "b1e6ac72-5a31-4e0a-b841-6af57f03a5fc",
testuser1/testrepo-5	    "namespaceName": "testuser1",
testuser1/testrepo-5	    "pk": "676599fb61d9c6e54b6a9cb711abf62d91415eb99f367c2be1f7873e50980c5d",
testuser1/testrepo-5	    "pulls": 190,
testuser1/testrepo-5	    "pushes": 10,
testuser1/testrepo-5	    "scanOnPush": false,
testuser1/testrepo-5	    "tagLimit": 0,
testuser1/testrepo-5	    "visibility": "private"
testuser1/testrepo-5	  }
testuser1/testrepo-5	]
testuser1/testrepo-5	{"deleted":0,"errors":1,"first_error":"Duplicate primary key `pk`:\n{\n\t\"id\":\t\"2cf38af6-1114-4328-9275-4d892b1a2bb9\",\n\t\"immutableTags\":\tfalse,\n\t\"name\":\t\"testrepo-5\",\n\t\"namespaceAccountID\":\t\"b1e6ac72-5a31-4e0a-b841-6af57f03a5fc\",\n\t\"namespaceName\":\t\"testuser1\",\n\t\"pk\":\t\"676599fb61d9c6e54b6a9cb711abf62d91415eb99f367c2be1f7873e50980c5d\",\n\t\"pulls\":\t170,\n\t\"pushes\":\t13,\n\t\"scanOnPush\":\tfalse,\n\t\"tagLimit\":\t0,\n\t\"visibility\":\t\"private\"\n}\n{\n\t\"id\":\t\"2cf38af6-1114-4328-9275-4d892b1a2bb9\",\n\t\"immutableTags\":\tfalse,\n\t\"name\":\t\"testrepo-5\",\n\t\"namespaceAccountID\":\t\"b1e6ac72-5a31-4e0a-b841-6af57f03a5fc\",\n\t\"namespaceName\":\t\"testuser1\",\n\t\"pk\":\t\"676599fb61d9c6e54b6a9cb711abf62d91415eb99f367c2be1f7873e50980c5d\",\n\t\"pulls\":\t190,\n\t\"pushes\":\t10,\n\t\"scanOnPush\":\tfalse,\n\t\"tagLimit\":\t0,\n\t\"visibility\":\t\"private\"\n}","inserted":0,"replaced":0,"skipped":0,"unchanged":0}admin/testrepo-3	===== Migrating repo testrepo-3 from namespace admin =====
admin/testrepo-3	Repo JSON: [
admin/testrepo-3	  {
admin/testrepo-3	    "id": "262be9d4-0c22-45cf-9256-4ca285c2cf02",
admin/testrepo-3	    "immutableTags": false,
admin/testrepo-3	    "name": "testrepo-3",
admin/testrepo-3	    "namespaceAccountID": "966d069e-9092-40dd-bd88-386b1e9e1357",
admin/testrepo-3	    "namespaceName": "admin",
admin/testrepo-3	    "pk": "6fe9f7d68174113ece234ef333483898918e4cd5caf6803777fd80216804828f",
admin/testrepo-3	    "pulls": 228,
admin/testrepo-3	    "pushes": 10,
admin/testrepo-3	    "scanOnPush": false,
admin/testrepo-3	    "tagLimit": 0,
admin/testrepo-3	    "visibility": "private"
admin/testrepo-3	  }
admin/testrepo-3	]
admin/testrepo-3	{"deleted":0,"errors":1,"first_error":"Duplicate primary key `pk`:\n{\n\t\"id\":\t\"262be9d4-0c22-45cf-9256-4ca285c2cf02\",\n\t\"immutableTags\":\tfalse,\n\t\"name\":\t\"testrepo-3\",\n\t\"namespaceAccountID\":\t\"966d069e-9092-40dd-bd88-386b1e9e1357\",\n\t\"namespaceName\":\t\"admin\",\n\t\"pk\":\t\"6fe9f7d68174113ece234ef333483898918e4cd5caf6803777fd80216804828f\",\n\t\"pulls\":\t218,\n\t\"pushes\":\t13,\n\t\"scanOnPush\":\tfalse,\n\t\"tagLimit\":\t0,\n\t\"visibility\":\t\"private\"\n}\n{\n\t\"id\":\t\"262be9d4-0c22-45cf-9256-4ca285c2cf02\",\n\t\"immutableTags\":\tfalse,\n\t\"name\":\t\"testrepo-3\",\n\t\"namespaceAccountID\":\t\"966d069e-9092-40dd-bd88-386b1e9e1357\",\n\t\"namespaceName\":\t\"admin\",\n\t\"pk\":\t\"6fe9f7d68174113ece234ef333483898918e4cd5caf6803777fd80216804828f\",\n\t\"pulls\":\t228,\n\t\"pushes\":\t10,\n\t\"scanOnPush\":\tfalse,\n\t\"tagLimit\":\t0,\n\t\"visibility\":\t\"private\"\n}","inserted":0,"replaced":0,"skipped":0,"unchanged":0}admin/testrepo-1	===== Migrating repo testrepo-1 from namespace admin =====
admin/testrepo-1	Repo JSON: [
admin/testrepo-1	  {
admin/testrepo-1	    "id": "ba1155fc-824b-4978-b015-ae0791550c42",
admin/testrepo-1	    "immutableTags": false,
admin/testrepo-1	    "name": "testrepo-1",
admin/testrepo-1	    "namespaceAccountID": "966d069e-9092-40dd-bd88-386b1e9e1357",
admin/testrepo-1	    "namespaceName": "admin",
admin/testrepo-1	    "pk": "c551df9dacdbc5b90c4a6241b9dd7204568fe8bc985a97c436a9e046d92a50e7",
admin/testrepo-1	    "pulls": 325,
admin/testrepo-1	    "pushes": 12,
admin/testrepo-1	    "scanOnPush": false,
admin/testrepo-1	    "tagLimit": 0,
admin/testrepo-1	    "visibility": "private"
admin/testrepo-1	  }
admin/testrepo-1	]
admin/testrepo-1	{"deleted":0,"errors":1,"first_error":"Duplicate primary key `pk`:\n{\n\t\"id\":\t\"ba1155fc-824b-4978-b015-ae0791550c42\",\n\t\"immutableTags\":\tfalse,\n\t\"name\":\t\"testrepo-1\",\n\t\"namespaceAccountID\":\t\"966d069e-9092-40dd-bd88-386b1e9e1357\",\n\t\"namespaceName\":\t\"admin\",\n\t\"pk\":\t\"c551df9dacdbc5b90c4a6241b9dd7204568fe8bc985a97c436a9e046d92a50e7\",\n\t\"pulls\":\t315,\n\t\"pushes\":\t20,\n\t\"scanOnPush\":\tfalse,\n\t\"tagLimit\":\t0,\n\t\"visibility\":\t\"private\"\n}\n{\n\t\"id\":\t\"ba1155fc-824b-4978-b015-ae0791550c42\",\n\t\"immutableTags\":\tfalse,\n\t\"name\":\t\"testrepo-1\",\n\t\"namespaceAccountID\":\t\"966d069e-9092-40dd-bd88-386b1e9e1357\",\n\t\"namespaceName\":\t\"admin\",\n\t\"pk\":\t\"c551df9dacdbc5b90c4a6241b9dd7204568fe8bc985a97c436a9e046d92a50e7\",\n\t\"pulls\":\t325,\n\t\"pushes\":\t12,\n\t\"scanOnPush\":\tfalse,\n\t\"tagLimit\":\t0,\n\t\"visibility\":\t\"private\"\n}","inserted":0,"replaced":0,"skipped":0,"unchanged":0}
==== Repositories Migration Completed. ====
