Using the environment variables file .msr_data_migration.env.PSTEST


===== Below are the list of tags, that would be migrated ======
     1	testrepo-1:v6
     2	testrepo-1:v1
     3	testrepo-1:v4
     4	testrepo-1:v10
     5	testrepo-1:v7
     6	testrepo-2:v1
     7	testrepo-1:v5
     8	testrepo-1:v3
     9	testrepo-2:v4
    10	testrepo-4:v7
    11	testrepo-1:v8
    12	testrepo-1:v2
    13	testrepo-2:v5
    14	testrepo-3:v1
    15	testrepo-1:v9
    16	testrepo-2:v3
    17	testrepo-2:v8
    18	testrepo-5:v10
    19	testrepo-2:v10
    20	testrepo-2:v2
    21	testrepo-2:v9
    22	testrepo-3:v10
    23	testrepo-2:v7
    24	testrepo-3:v2
    25	testrepo-3:v4
    26	testrepo-5:v3
    27	testrepo-2:v6
    28	testrepo-3:v3
    29	testrepo-3:v5
    30	testrepo-4:v6
    31	testrepo-3:v6
    32	testrepo-4:v10
    33	testrepo-3:v8
    34	testrepo-1:v6
    35	testrepo-3:v7
    36	testrepo-4:v5
    37	testrepo-3:v9
    38	testrepo-5:v2
    39	testrepo-4:v2
    40	testrepo-4:v4
    41	testrepo-5:v7
    42	testrepo-2:v4
    43	testrepo-4:v3
    44	testrepo-4:v9
    45	testrepo-4:v1
    46	testrepo-1:v7
    47	testrepo-5:v5
    48	testrepo-4:v8
    49	testrepo-1:v1
    50	testrepo-3:v5
    51	testrepo-5:v4
    52	testrepo-5:v8
    53	testrepo-5:v6
    54	testrepo-2:v10
    55	testrepo-1:v2
    56	testrepo-5:v1
    57	testrepo-2:v8
    58	testrepo-3:v9
    59	testrepo-1:06112024_amd64_aflac
    60	testrepo-1:06112024
    61	testrepo-1:06112024_amd64
    62	testrepo-2:v5
    63	testrepo-2:v3
    64	testrepo-5:v9
    65	testrepo-3:v1
    66	testrepo-5:v10
    67	testrepo-1:06112024_arm64
    68	testrepo-1:v5
    69	testrepo-1:v10
    70	testrepo-3:v4
    71	testrepo-3:v3
    72	testrepo-1:v4
    73	testrepo-4:v2
    74	testrepo-1:v3
    75	testrepo-1:v9
    76	testrepo-2:v1
    77	testrepo-3:v8
    78	testrepo-4:v4
    79	testrepo-4:v6
    80	testrepo-1:v8
    81	testrepo-2:v2
    82	testrepo-2:v6
    83	testrepo-2:v9
    84	testrepo-4:v10
    85	testrepo-4:v8
    86	testrepo-5:v3
    87	testrepo-2:v7
    88	testrepo-3:v2
    89	testrepo-3:v6
    90	testrepo-3:v10
    91	testrepo-5:v7
    92	testrepo-3:v7
    93	testrepo-4:v1
    94	testrepo-5:v9
    95	testrepo-4:v3
    96	testrepo-5:v4
    97	testrepo-5:v8
    98	testrepo-4:v5
    99	testrepo-4:v7
   100	testrepo-4:v9
   101	testrepo-5:v2
   102	testrepo-5:v1
   103	testrepo-5:v6
   104	testrepo-5:v5
You can manually edit the generated 'msr-migration-files/tags.txt' file to remove the unwanted repository:tag.
====== Stage 2: Creating the accounts and adding their corresponding user tokens ======
d4642583-cb3c-4e2e-b54e-59e02b66a52b	
d4642583-cb3c-4e2e-b54e-59e02b66a52b	===== Adding the user migration_user =====
d4642583-cb3c-4e2e-b54e-59e02b66a52b	kubectl exec -n default msr-rethinkdb-cli-6444fcbfbb-h4b8m ... insert ... [ { "accountLock": { "failures": 0, "locked": false }, "adminSyncConfig": { "allowNonLdap": false, "enableSync": false, "groupDN": "", "groupMemberAttr": "", "searchBaseDN": "", "searchFilter": "", "searchScopeSubtree": false, "selectGroupMembers": false }, "emails": [], "familyName": "", "fullName": "", "givenName": "", "id": "d4642583-cb3c-4e2e-b54e-59e02b66a52b", "isActive": true, "isAdmin": true, "isOrg": false, "ldapDN": "", "membersCount": 0, "name": "migration_user", "nameID": "", "onDemand": false, "oneTimePassword": { "enabled": false, "recoveryCodeHashes": [], "secret": "" }, "passwordHash": "bcrypt$$2a$10$CCDQs7U8zsJFX0Rx6kCqBuOdT3hkPjhq8h2bASJnA0ZilhxYtcw86", "tags": null, "teamsCount": 0 } ]
d4642583-cb3c-4e2e-b54e-59e02b66a52b	{"deleted":0,"errors":0,"inserted":1,"replaced":0,"skipped":0,"unchanged":0}
d4642583-cb3c-4e2e-b54e-59e02b66a52b	==== This user has 2 tokens =====
d4642583-cb3c-4e2e-b54e-59e02b66a52b	Token count for user migration_user: 48aacad4350fee985a91e4a03f3c3dd6675dc811498bf4303a3fe320429f6d63
d4642583-cb3c-4e2e-b54e-59e02b66a52b	e4215a836e50283de736ef9a908f5241d0cea9af9adaa83a06e073065c2eab8d
d4642583-cb3c-4e2e-b54e-59e02b66a52b	TOKEN_COUNT: 48aacad4350fee985a91e4a03f3c3dd6675dc811498bf4303a3fe320429f6d63
d4642583-cb3c-4e2e-b54e-59e02b66a52b	e4215a836e50283de736ef9a908f5241d0cea9af9adaa83a06e073065c2eab8d
b1e6ac72-5a31-4e0a-b841-6af57f03a5fc	
b1e6ac72-5a31-4e0a-b841-6af57f03a5fc	===== Adding the user testuser1 =====
b1e6ac72-5a31-4e0a-b841-6af57f03a5fc	kubectl exec -n default msr-rethinkdb-cli-6444fcbfbb-h4b8m ... insert ... [ { "accountLock": { "failures": 0, "locked": false }, "adminSyncConfig": { "allowNonLdap": false, "enableSync": false, "groupDN": "", "groupMemberAttr": "", "searchBaseDN": "", "searchFilter": "", "searchScopeSubtree": false, "selectGroupMembers": false }, "emails": [], "familyName": "", "fullName": "", "givenName": "", "id": "b1e6ac72-5a31-4e0a-b841-6af57f03a5fc", "isActive": true, "isAdmin": false, "isOrg": false, "ldapDN": "", "membersCount": 0, "name": "testuser1", "nameID": "", "onDemand": false, "oneTimePassword": { "enabled": false, "recoveryCodeHashes": [], "secret": "" }, "passwordHash": "bcrypt$$2a$10$PzIxOqbtin4DV2UJ3oC2wuO2gC5936s1pu/DoN8DA1jOrAKU5VAg6", "tags": null, "teamsCount": 0 } ]
b1e6ac72-5a31-4e0a-b841-6af57f03a5fc	{"deleted":0,"errors":0,"inserted":1,"replaced":0,"skipped":0,"unchanged":0}
b1e6ac72-5a31-4e0a-b841-6af57f03a5fc	==== This user has 1 tokens =====
b1e6ac72-5a31-4e0a-b841-6af57f03a5fc	Token count for user testuser1: 6f6da13a22670f154a15521bfbd379bdfccf772b543fce889185a9c763b0d6e3
b1e6ac72-5a31-4e0a-b841-6af57f03a5fc	TOKEN_COUNT: 6f6da13a22670f154a15521bfbd379bdfccf772b543fce889185a9c763b0d6e3
966d069e-9092-40dd-bd88-386b1e9e1357	
966d069e-9092-40dd-bd88-386b1e9e1357	===== Adding the user admin =====
966d069e-9092-40dd-bd88-386b1e9e1357	kubectl exec -n default msr-rethinkdb-cli-6444fcbfbb-h4b8m ... insert ... [ { "accountLock": { "failures": 0, "locked": false }, "adminSyncConfig": { "allowNonLdap": false, "enableSync": false, "groupDN": "", "groupMemberAttr": "", "searchBaseDN": "", "searchFilter": "", "searchScopeSubtree": false, "selectGroupMembers": false }, "emails": [], "familyName": "", "fullName": "", "givenName": "", "id": "966d069e-9092-40dd-bd88-386b1e9e1357", "isActive": true, "isAdmin": true, "isOrg": false, "ldapDN": "", "membersCount": 0, "name": "admin", "nameID": "", "onDemand": false, "oneTimePassword": { "enabled": false, "recoveryCodeHashes": [], "secret": "" }, "passwordHash": "bcrypt$$2a$10$ltxe7VuswpoLoNOwZvbSNOACMxNM1QL3u9oKCWBmfFUZvZMkjX1QS", "tags": null, "teamsCount": 0 } ]
966d069e-9092-40dd-bd88-386b1e9e1357	{"deleted":0,"errors":1,"first_error":"Duplicate primary key `name`:\n{\n\t\"accountLock\":\t{\n\t\t\"failures\":\t0,\n\t\t\"locked\":\tfalse,\n\t\t\"lockedTime\":\t{\n\t\t\t\"$reql_type$\":\t\"TIME\",\n\t\t\t\"epoch_time\":\t-62135596800,\n\t\t\t\"timezone\":\t\"+00:00\"\n\t\t}\n\t},\n\t\"adminSyncConfig\":\t{\n\t\t\"allowNonLdap\":\tfalse,\n\t\t\"enableSync\":\tfalse,\n\t\t\"groupDN\":\t\"\",\n\t\t\"groupMemberAttr\":\t\"\",\n\t\t\"searchBaseDN\":\t\"\",\n\t\t\"searchFilter\":\t\"\",\n\t\t\"searchScopeSubtree\":\tfalse,\n\t\t\"selectGroupMembers\":\tfalse\n\t},\n\t\"emails\":\t[],\n\t\"familyName\":\t\"\",\n\t\"fullName\":\t\"\",\n\t\"givenName\":\t\"\",\n\t\"id\":\t\"8c1e2490-5f63-4a66-959d-9df54e59ed26\",\n\t\"isActive\":\ttrue,\n\t\"isAdmin\":\ttrue,\n\t\"isOrg\":\tfalse,\n\t\"ldapDN\":\t\"\",\n\t\"membersCount\":\t0,\n\t\"name\":\t\"admin\",\n\t\"nameID\":\t\"\",\n\t\"onDemand\":\tfalse,\n\t\"oneTimePassword\":\t{\n\t\t\"enabled\":\tfalse,\n\t\t\"recoveryCodeHashes\":\t[],\n\t\t\"secret\":\t\"\"\n\t},\n\t\"passwordHash\":\t\"bcrypt$$2a$10$Dtbd04BIx4UOhUN5/MAYSuxkalpiGdJUEmahjMKD8dKNPWyTmPTwe\",\n\t\"tags\":\tnull,\n\t\"teamsCount\":\t0\n}\n{\n\t\"accountLock\":\t{\n\t\t\"failures\":\t0,\n\t\t\"locked\":\tfalse\n\t},\n\t\"adminSyncConfig\":\t{\n\t\t\"allowNonLdap\":\tfalse,\n\t\t\"enableSync\":\tfalse,\n\t\t\"groupDN\":\t\"\",\n\t\t\"groupMemberAttr\":\t\"\",\n\t\t\"searchBaseDN\":\t\"\",\n\t\t\"searchFilter\":\t\"\",\n\t\t\"searchScopeSubtree\":\tfalse,\n\t\t\"selectGroupMembers\":\tfalse\n\t},\n\t\"emails\":\t[],\n\t\"familyName\":\t\"\",\n\t\"fullName\":\t\"\",\n\t\"givenName\":\t\"\",\n\t\"id\":\t\"966d069e-9092-40dd-bd88-386b1e9e1357\",\n\t\"isActive\":\ttrue,\n\t\"isAdmin\":\ttrue,\n\t\"isOrg\":\tfalse,\n\t\"ldapDN\":\t\"\",\n\t\"membersCount\":\t0,\n\t\"name\":\t\"admin\",\n\t\"nameID\":\t\"\",\n\t\"onDemand\":\tfalse,\n\t\"oneTimePassword\":\t{\n\t\t\"enabled\":\tfalse,\n\t\t\"recoveryCodeHashes\":\t[],\n\t\t\"secret\":\t\"\"\n\t},\n\t\"passwordHash\":\t\"bcrypt$$2a$10$ltxe7VuswpoLoNOwZvbSNOACMxNM1QL3u9oKCWBmfFUZvZMkjX1QS\",\n\t\"tags\":\tnull,\n\t\"teamsCount\":\t0\n}","inserted":0,"replaced":0,"skipped":0,"unchanged":0}
966d069e-9092-40dd-bd88-386b1e9e1357	==== This user has 9 tokens =====
966d069e-9092-40dd-bd88-386b1e9e1357	Token count for user admin: 16b61758ef428f35e770cf3c15c4885bf39bee5c1b7d874f4a14a9b155031869
966d069e-9092-40dd-bd88-386b1e9e1357	6b1fd33c73e464a02ce33f5981392bc435fd79a2a65d682695e090fc3d257637
966d069e-9092-40dd-bd88-386b1e9e1357	aa65f0321bd4ad58d280531d060c819bd4792c07e1eca4b715e1e4f9158615aa
966d069e-9092-40dd-bd88-386b1e9e1357	d1dc526e8e768a27e9190bedb67395699cd79ce7bee1bf61809d9b795cab23e0
966d069e-9092-40dd-bd88-386b1e9e1357	98d0bf335feea4c3ee7ab1a4cadb2bc38b60ec5d7fba152b934fa204438be0f0
966d069e-9092-40dd-bd88-386b1e9e1357	b55a2b2044e1101b9e9be60ba47f4c8846e6b1c8dd49a5b3261d3e4e22a47320
966d069e-9092-40dd-bd88-386b1e9e1357	cb8b47ea8e464a70eecd41bc9b273fff58de8ad9d14c33c581ad037381521b27
966d069e-9092-40dd-bd88-386b1e9e1357	ad03ea3cf34b5341ef1c5ccf834246f4dd459a2830e51f805ad072fb9cb12275
966d069e-9092-40dd-bd88-386b1e9e1357	cd1082fdb7c385b0a1c2328548fc1f491c1f1bfa2503ad77f306a2829fdf5a42
966d069e-9092-40dd-bd88-386b1e9e1357	TOKEN_COUNT: 16b61758ef428f35e770cf3c15c4885bf39bee5c1b7d874f4a14a9b155031869
966d069e-9092-40dd-bd88-386b1e9e1357	6b1fd33c73e464a02ce33f5981392bc435fd79a2a65d682695e090fc3d257637
966d069e-9092-40dd-bd88-386b1e9e1357	aa65f0321bd4ad58d280531d060c819bd4792c07e1eca4b715e1e4f9158615aa
966d069e-9092-40dd-bd88-386b1e9e1357	d1dc526e8e768a27e9190bedb67395699cd79ce7bee1bf61809d9b795cab23e0
966d069e-9092-40dd-bd88-386b1e9e1357	98d0bf335feea4c3ee7ab1a4cadb2bc38b60ec5d7fba152b934fa204438be0f0
966d069e-9092-40dd-bd88-386b1e9e1357	b55a2b2044e1101b9e9be60ba47f4c8846e6b1c8dd49a5b3261d3e4e22a47320
966d069e-9092-40dd-bd88-386b1e9e1357	cb8b47ea8e464a70eecd41bc9b273fff58de8ad9d14c33c581ad037381521b27
966d069e-9092-40dd-bd88-386b1e9e1357	ad03ea3cf34b5341ef1c5ccf834246f4dd459a2830e51f805ad072fb9cb12275
966d069e-9092-40dd-bd88-386b1e9e1357	cd1082fdb7c385b0a1c2328548fc1f491c1f1bfa2503ad77f306a2829fdf5a42
7c11cea3-1b5a-4671-9777-7f4fd83d969f	
7c11cea3-1b5a-4671-9777-7f4fd83d969f	===== Adding the user testuser2 =====
7c11cea3-1b5a-4671-9777-7f4fd83d969f	kubectl exec -n default msr-rethinkdb-cli-6444fcbfbb-h4b8m ... insert ... [ { "accountLock": { "failures": 0, "locked": false }, "adminSyncConfig": { "allowNonLdap": false, "enableSync": false, "groupDN": "", "groupMemberAttr": "", "searchBaseDN": "", "searchFilter": "", "searchScopeSubtree": false, "selectGroupMembers": false }, "emails": [], "familyName": "", "fullName": "", "givenName": "", "id": "7c11cea3-1b5a-4671-9777-7f4fd83d969f", "isActive": true, "isAdmin": false, "isOrg": false, "ldapDN": "", "membersCount": 0, "name": "testuser2", "nameID": "", "onDemand": false, "oneTimePassword": { "enabled": false, "recoveryCodeHashes": [], "secret": "" }, "passwordHash": "bcrypt$$2a$10$LsXTgmU/AK7eYcNmwnyuQO8FiImY/svq8l.bNDepEmaDHwY39UqMW", "tags": null, "teamsCount": 0 } ]
7c11cea3-1b5a-4671-9777-7f4fd83d969f	{"deleted":0,"errors":0,"inserted":1,"replaced":0,"skipped":0,"unchanged":0}
7c11cea3-1b5a-4671-9777-7f4fd83d969f	==== This user has 1 tokens =====
7c11cea3-1b5a-4671-9777-7f4fd83d969f	Token count for user testuser2: 9339fcad91a0351e5127d9ccd523084f10731c9e35d02daa2f55b2ef326289dc
7c11cea3-1b5a-4671-9777-7f4fd83d969f	TOKEN_COUNT: 9339fcad91a0351e5127d9ccd523084f10731c9e35d02daa2f55b2ef326289dc

==== Migration completed successfully! ====
Accounts: 966d069e-9092-40dd-bd88-386b1e9e1357
d4642583-cb3c-4e2e-b54e-59e02b66a52b
7c11cea3-1b5a-4671-9777-7f4fd83d969f
b1e6ac72-5a31-4e0a-b841-6af57f03a5fc
Organizations: 256fc042-39be-412c-86ac-111674a926c6
ORG_ID: 256fc042-39be-412c-86ac-111674a926c6
Processing ORG_ID: 256fc042-39be-412c-86ac-111674a926c6
ORG_JSON: [
  {
    "accountLock": {
      "failures": 0,
      "locked": false
    },
    "adminSyncConfig": {
      "allowNonLdap": false,
      "enableSync": false,
      "groupDN": "",
      "groupMemberAttr": "",
      "searchBaseDN": "",
      "searchFilter": "",
      "searchScopeSubtree": false,
      "selectGroupMembers": false
    },
    "emails": [],
    "familyName": "",
    "fullName": "Docker Datacenter",
    "givenName": "",
    "id": "256fc042-39be-412c-86ac-111674a926c6",
    "isActive": false,
    "isAdmin": false,
    "isOrg": true,
    "ldapDN": "",
    "membersCount": 1,
    "name": "docker-datacenter",
    "nameID": "",
    "onDemand": false,
    "oneTimePassword": {
      "enabled": false,
      "recoveryCodeHashes": [],
      "secret": ""
    },
    "passwordHash": "",
    "tags": null,
    "teamsCount": 0
  }
]
Extracted ORG_NAME: docker-datacenter

===== Adding the organization docker-datacenter =====
Inserting organization: [
  {
    "accountLock": {
      "failures": 0,
      "locked": false
    },
    "adminSyncConfig": {
      "allowNonLdap": false,
      "enableSync": false,
      "groupDN": "",
      "groupMemberAttr": "",
      "searchBaseDN": "",
      "searchFilter": "",
      "searchScopeSubtree": false,
      "selectGroupMembers": false
    },
    "emails": [],
    "familyName": "",
    "fullName": "Docker Datacenter",
    "givenName": "",
    "id": "256fc042-39be-412c-86ac-111674a926c6",
    "isActive": false,
    "isAdmin": false,
    "isOrg": true,
    "ldapDN": "",
    "membersCount": 1,
    "name": "docker-datacenter",
    "nameID": "",
    "onDemand": false,
    "oneTimePassword": {
      "enabled": false,
      "recoveryCodeHashes": [],
      "secret": ""
    },
    "passwordHash": "",
    "tags": null,
    "teamsCount": 0
  }
]
Insert result for: docker-datacenter - {"deleted":0,"errors":1,"first_error":"Duplicate primary key `name`:\n{\n\t\"accountLock\":\t{\n\t\t\"failures\":\t0,\n\t\t\"locked\":\tfalse,\n\t\t\"lockedTime\":\t{\n\t\t\t\"$reql_type$\":\t\"TIME\",\n\t\t\t\"epoch_time\":\t-62135596800,\n\t\t\t\"timezone\":\t\"+00:00\"\n\t\t}\n\t},\n\t\"adminSyncConfig\":\t{\n\t\t\"allowNonLdap\":\tfalse,\n\t\t\"enableSync\":\tfalse,\n\t\t\"groupDN\":\t\"\",\n\t\t\"groupMemberAttr\":\t\"\",\n\t\t\"searchBaseDN\":\t\"\",\n\t\t\"searchFilter\":\t\"\",\n\t\t\"searchScopeSubtree\":\tfalse,\n\t\t\"selectGroupMembers\":\tfalse\n\t},\n\t\"emails\":\t[],\n\t\"familyName\":\t\"\",\n\t\"fullName\":\t\"Docker Datacenter\",\n\t\"givenName\":\t\"\",\n\t\"id\":\t\"7891c70b-5561-4860-b66b-6337ca3b5dcc\",\n\t\"isActive\":\tfalse,\n\t\"isAdmin\":\tfalse,\n\t\"isOrg\":\ttrue,\n\t\"ldapDN\":\t\"\",\n\t\"membersCount\":\t0,\n\t\"name\":\t\"docker-datacenter\",\n\t\"nameID\":\t\"\",\n\t\"onDemand\":\tfalse,\n\t\"oneTimePassword\":\t{\n\t\t\"enabled\":\tfalse,\n\t\t\"recoveryCodeHashes\":\t[],\n\t\t\"secret\":\t\"\"\n\t},\n\t\"passwordHash\":\t\"\",\n\t\"tags\":\tnull,\n\t\"teamsCount\":\t0\n}\n{\n\t\"accountLock\":\t{\n\t\t\"failures\":\t0,\n\t\t\"locked\":\tfalse\n\t},\n\t\"adminSyncConfig\":\t{\n\t\t\"allowNonLdap\":\tfalse,\n\t\t\"enableSync\":\tfalse,\n\t\t\"groupDN\":\t\"\",\n\t\t\"groupMemberAttr\":\t\"\",\n\t\t\"searchBaseDN\":\t\"\",\n\t\t\"searchFilter\":\t\"\",\n\t\t\"searchScopeSubtree\":\tfalse,\n\t\t\"selectGroupMembers\":\tfalse\n\t},\n\t\"emails\":\t[],\n\t\"familyName\":\t\"\",\n\t\"fullName\":\t\"Docker Datacenter\",\n\t\"givenName\":\t\"\",\n\t\"id\":\t\"256fc042-39be-412c-86ac-111674a926c6\",\n\t\"isActive\":\tfalse,\n\t\"isAdmin\":\tfalse,\n\t\"isOrg\":\ttrue,\n\t\"ldapDN\":\t\"\",\n\t\"membersCount\":\t1,\n\t\"name\":\t\"docker-datacenter\",\n\t\"nameID\":\t\"\",\n\t\"onDemand\":\tfalse,\n\t\"oneTimePassword\":\t{\n\t\t\"enabled\":\tfalse,\n\t\t\"recoveryCodeHashes\":\t[],\n\t\t\"secret\":\t\"\"\n\t},\n\t\"passwordHash\":\t\"\",\n\t\"tags\":\tnull,\n\t\"teamsCount\":\t0\n}","inserted":0,"replaced":0,"skipped":0,"unchanged":0}
Inserting membership for organization: [
  {
    "orgID": "256fc042-39be-412c-86ac-111674a926c6",
    "pk": "5e0d561ef555dec31395843acc7d19317787a54d325cdbfc0e396726ec9ca965",
    "userID": "966d069e-9092-40dd-bd88-386b1e9e1357"
  }
]
Insert result for membership of: docker-datacenter - {"deleted":0,"errors":0,"inserted":1,"replaced":0,"skipped":0,"unchanged":0}
Inserting team: []
Insert result for team of: docker-datacenter - {"deleted":0,"errors":0,"inserted":0,"replaced":0,"skipped":0,"unchanged":0}
Inserting team membership: []
Insert result for team membership of: docker-datacenter - {"deleted":0,"errors":0,"inserted":0,"replaced":0,"skipped":0,"unchanged":0}

{"deleted":0,"errors":0,"inserted":0,"replaced":0,"skipped":0,"unchanged":0}
==== Starting the repositories migration ====

Count of repositories to be migrated: 10
Repo List: testuser1/testrepo-4
testuser1/testrepo-3
admin/testrepo-4
testuser1/testrepo-2
admin/testrepo-2
admin/testrepo-3
testuser1/testrepo-1
admin/testrepo-5
testuser1/testrepo-5
admin/testrepo-1
SOURCE_MSR_URL: aws-mke-msr-ubuntu2004-msr-lb-448d46d92d7a72db.elb.eu-west-1.amazonaws.com
DEST_MSR_URL: 3.255.235.204:34034
testuser1/testrepo-4	===== Migrating repo testrepo-4 from namespace testuser1 =====
testuser1/testrepo-4	Repo JSON: [
testuser1/testrepo-4	  {
testuser1/testrepo-4	    "id": "04a05357-9bae-4622-92ee-4774e802e678",
testuser1/testrepo-4	    "immutableTags": false,
testuser1/testrepo-4	    "name": "testrepo-4",
testuser1/testrepo-4	    "namespaceAccountID": "b1e6ac72-5a31-4e0a-b841-6af57f03a5fc",
testuser1/testrepo-4	    "namespaceName": "testuser1",
testuser1/testrepo-4	    "pk": "efcb205f410563c53077d3f8e783866645c4030f4e8ada26ba24fac595853683",
testuser1/testrepo-4	    "pulls": 171,
testuser1/testrepo-4	    "pushes": 10,
testuser1/testrepo-4	    "scanOnPush": false,
testuser1/testrepo-4	    "tagLimit": 0,
testuser1/testrepo-4	    "visibility": "private"
testuser1/testrepo-4	  }
testuser1/testrepo-4	]
testuser1/testrepo-4	{"deleted":0,"errors":0,"inserted":1,"replaced":0,"skipped":0,"unchanged":0}testuser1/testrepo-5	===== Migrating repo testrepo-5 from namespace testuser1 =====
testuser1/testrepo-5	Repo JSON: [
testuser1/testrepo-5	  {
testuser1/testrepo-5	    "id": "2cf38af6-1114-4328-9275-4d892b1a2bb9",
testuser1/testrepo-5	    "immutableTags": false,
testuser1/testrepo-5	    "name": "testrepo-5",
testuser1/testrepo-5	    "namespaceAccountID": "b1e6ac72-5a31-4e0a-b841-6af57f03a5fc",
testuser1/testrepo-5	    "namespaceName": "testuser1",
testuser1/testrepo-5	    "pk": "676599fb61d9c6e54b6a9cb711abf62d91415eb99f367c2be1f7873e50980c5d",
testuser1/testrepo-5	    "pulls": 170,
testuser1/testrepo-5	    "pushes": 10,
testuser1/testrepo-5	    "scanOnPush": false,
testuser1/testrepo-5	    "tagLimit": 0,
testuser1/testrepo-5	    "visibility": "private"
testuser1/testrepo-5	  }
testuser1/testrepo-5	]
testuser1/testrepo-5	{"deleted":0,"errors":0,"inserted":1,"replaced":0,"skipped":0,"unchanged":0}testuser1/testrepo-2	===== Migrating repo testrepo-2 from namespace testuser1 =====
testuser1/testrepo-2	Repo JSON: [
testuser1/testrepo-2	  {
testuser1/testrepo-2	    "id": "7ad8322c-13e2-4d56-b9f1-0ab762a4a9b1",
testuser1/testrepo-2	    "immutableTags": false,
testuser1/testrepo-2	    "name": "testrepo-2",
testuser1/testrepo-2	    "namespaceAccountID": "b1e6ac72-5a31-4e0a-b841-6af57f03a5fc",
testuser1/testrepo-2	    "namespaceName": "testuser1",
testuser1/testrepo-2	    "pk": "431b154b685625047944a2cead6974f3b5c6f10de52cb144d58382f15037d649",
testuser1/testrepo-2	    "pulls": 180,
testuser1/testrepo-2	    "pushes": 10,
testuser1/testrepo-2	    "scanOnPush": false,
testuser1/testrepo-2	    "tagLimit": 0,
testuser1/testrepo-2	    "visibility": "private"
testuser1/testrepo-2	  }
testuser1/testrepo-2	]
testuser1/testrepo-2	{"deleted":0,"errors":0,"inserted":1,"replaced":0,"skipped":0,"unchanged":0}testuser1/testrepo-1	===== Migrating repo testrepo-1 from namespace testuser1 =====
testuser1/testrepo-1	Repo JSON: [
testuser1/testrepo-1	  {
testuser1/testrepo-1	    "id": "944bcbe3-4b63-418d-b524-6343478e6c9f",
testuser1/testrepo-1	    "immutableTags": false,
testuser1/testrepo-1	    "longDescription": "",
testuser1/testrepo-1	    "name": "testrepo-1",
testuser1/testrepo-1	    "namespaceAccountID": "b1e6ac72-5a31-4e0a-b841-6af57f03a5fc",
testuser1/testrepo-1	    "namespaceName": "testuser1",
testuser1/testrepo-1	    "pk": "b84117ff91b34bf9d8ff7aba354908902aa41b4e89b76b71fa9c89d4686cef29",
testuser1/testrepo-1	    "pulls": 209,
testuser1/testrepo-1	    "pushes": 301,
testuser1/testrepo-1	    "scanOnPush": false,
testuser1/testrepo-1	    "shortDescription": "",
testuser1/testrepo-1	    "tagLimit": 0,
testuser1/testrepo-1	    "visibility": "public"
testuser1/testrepo-1	  }
testuser1/testrepo-1	]
testuser1/testrepo-1	{"deleted":0,"errors":0,"inserted":1,"replaced":0,"skipped":0,"unchanged":0}admin/testrepo-2	===== Migrating repo testrepo-2 from namespace admin =====
admin/testrepo-2	Repo JSON: [
admin/testrepo-2	  {
admin/testrepo-2	    "id": "d371f740-0d01-4348-a26a-d45127a04444",
admin/testrepo-2	    "immutableTags": false,
admin/testrepo-2	    "name": "testrepo-2",
admin/testrepo-2	    "namespaceAccountID": "966d069e-9092-40dd-bd88-386b1e9e1357",
admin/testrepo-2	    "namespaceName": "admin",
admin/testrepo-2	    "pk": "57a51e886f799afb242a17f84d1acf481f100095c97c9c881f8b5e538e4a789f",
admin/testrepo-2	    "pulls": 245,
admin/testrepo-2	    "pushes": 10,
admin/testrepo-2	    "scanOnPush": false,
admin/testrepo-2	    "tagLimit": 0,
admin/testrepo-2	    "visibility": "private"
admin/testrepo-2	  }
admin/testrepo-2	]
admin/testrepo-2	{"deleted":0,"errors":0,"inserted":1,"replaced":0,"skipped":0,"unchanged":0}admin/testrepo-3	===== Migrating repo testrepo-3 from namespace admin =====
admin/testrepo-3	Repo JSON: [
admin/testrepo-3	  {
admin/testrepo-3	    "id": "262be9d4-0c22-45cf-9256-4ca285c2cf02",
admin/testrepo-3	    "immutableTags": false,
admin/testrepo-3	    "name": "testrepo-3",
admin/testrepo-3	    "namespaceAccountID": "966d069e-9092-40dd-bd88-386b1e9e1357",
admin/testrepo-3	    "namespaceName": "admin",
admin/testrepo-3	    "pk": "6fe9f7d68174113ece234ef333483898918e4cd5caf6803777fd80216804828f",
admin/testrepo-3	    "pulls": 218,
admin/testrepo-3	    "pushes": 10,
admin/testrepo-3	    "scanOnPush": false,
admin/testrepo-3	    "tagLimit": 0,
admin/testrepo-3	    "visibility": "private"
admin/testrepo-3	  }
admin/testrepo-3	]
admin/testrepo-3	{"deleted":0,"errors":0,"inserted":1,"replaced":0,"skipped":0,"unchanged":0}testuser1/testrepo-3	===== Migrating repo testrepo-3 from namespace testuser1 =====
testuser1/testrepo-3	Repo JSON: [
testuser1/testrepo-3	  {
testuser1/testrepo-3	    "id": "ea4f3219-8f0d-4976-b792-6ae4f5303821",
testuser1/testrepo-3	    "immutableTags": false,
testuser1/testrepo-3	    "name": "testrepo-3",
testuser1/testrepo-3	    "namespaceAccountID": "b1e6ac72-5a31-4e0a-b841-6af57f03a5fc",
testuser1/testrepo-3	    "namespaceName": "testuser1",
testuser1/testrepo-3	    "pk": "06745927f4f1d13eca7cfaf4f88d5cdb80b5eebd073d26c2224f3781cac7760a",
testuser1/testrepo-3	    "pulls": 180,
testuser1/testrepo-3	    "pushes": 10,
testuser1/testrepo-3	    "scanOnPush": false,
testuser1/testrepo-3	    "tagLimit": 0,
testuser1/testrepo-3	    "visibility": "private"
testuser1/testrepo-3	  }
testuser1/testrepo-3	]
testuser1/testrepo-3	{"deleted":0,"errors":0,"inserted":1,"replaced":0,"skipped":0,"unchanged":0}admin/testrepo-4	===== Migrating repo testrepo-4 from namespace admin =====
admin/testrepo-4	Repo JSON: [
admin/testrepo-4	  {
admin/testrepo-4	    "id": "adadbe5d-93cc-44a1-943e-eb08e497be4a",
admin/testrepo-4	    "immutableTags": false,
admin/testrepo-4	    "name": "testrepo-4",
admin/testrepo-4	    "namespaceAccountID": "966d069e-9092-40dd-bd88-386b1e9e1357",
admin/testrepo-4	    "namespaceName": "admin",
admin/testrepo-4	    "pk": "7866c35a1e1e9a941e138c7d0a67290233376b894b386f9c29e6e162d41d6eb7",
admin/testrepo-4	    "pulls": 202,
admin/testrepo-4	    "pushes": 10,
admin/testrepo-4	    "scanOnPush": false,
admin/testrepo-4	    "tagLimit": 0,
admin/testrepo-4	    "visibility": "private"
admin/testrepo-4	  }
admin/testrepo-4	]
admin/testrepo-4	{"deleted":0,"errors":0,"inserted":1,"replaced":0,"skipped":0,"unchanged":0}admin/testrepo-1	===== Migrating repo testrepo-1 from namespace admin =====
admin/testrepo-1	Repo JSON: [
admin/testrepo-1	  {
admin/testrepo-1	    "id": "ba1155fc-824b-4978-b015-ae0791550c42",
admin/testrepo-1	    "immutableTags": false,
admin/testrepo-1	    "name": "testrepo-1",
admin/testrepo-1	    "namespaceAccountID": "966d069e-9092-40dd-bd88-386b1e9e1357",
admin/testrepo-1	    "namespaceName": "admin",
admin/testrepo-1	    "pk": "c551df9dacdbc5b90c4a6241b9dd7204568fe8bc985a97c436a9e046d92a50e7",
admin/testrepo-1	    "pulls": 315,
admin/testrepo-1	    "pushes": 12,
admin/testrepo-1	    "scanOnPush": false,
admin/testrepo-1	    "tagLimit": 0,
admin/testrepo-1	    "visibility": "private"
admin/testrepo-1	  }
admin/testrepo-1	]
admin/testrepo-1	{"deleted":0,"errors":0,"inserted":1,"replaced":0,"skipped":0,"unchanged":0}admin/testrepo-5	===== Migrating repo testrepo-5 from namespace admin =====
admin/testrepo-5	Repo JSON: [
admin/testrepo-5	  {
admin/testrepo-5	    "id": "b3658a1b-ad36-4d8f-b547-ebcd54930bff",
admin/testrepo-5	    "immutableTags": false,
admin/testrepo-5	    "name": "testrepo-5",
admin/testrepo-5	    "namespaceAccountID": "966d069e-9092-40dd-bd88-386b1e9e1357",
admin/testrepo-5	    "namespaceName": "admin",
admin/testrepo-5	    "pk": "74f0cb94b49ab1c98d4f0e4218b853b49e4bd05efa3de2bc002b73e28fb7f772",
admin/testrepo-5	    "pulls": 189,
admin/testrepo-5	    "pushes": 10,
admin/testrepo-5	    "scanOnPush": false,
admin/testrepo-5	    "tagLimit": 0,
admin/testrepo-5	    "visibility": "private"
admin/testrepo-5	  }
admin/testrepo-5	]
admin/testrepo-5	{"deleted":0,"errors":0,"inserted":1,"replaced":0,"skipped":0,"unchanged":0}
==== Repositories Migration Completed. ====

 Count of tags to be migrated: 104
Processing list of images:
admin/testrepo-1:v1
admin/testrepo-1:v10
admin/testrepo-1:v2
admin/testrepo-1:v3
admin/testrepo-1:v4
admin/testrepo-1:v5
admin/testrepo-1:v6
admin/testrepo-1:v7
admin/testrepo-1:v8
admin/testrepo-1:v9
admin/testrepo-2:v1
admin/testrepo-2:v10
admin/testrepo-2:v2
admin/testrepo-2:v3
admin/testrepo-2:v4
admin/testrepo-2:v5
admin/testrepo-2:v6
admin/testrepo-2:v7
admin/testrepo-2:v8
admin/testrepo-2:v9
admin/testrepo-3:v1
admin/testrepo-3:v10
admin/testrepo-3:v2
admin/testrepo-3:v3
admin/testrepo-3:v4
admin/testrepo-3:v5
admin/testrepo-3:v6
admin/testrepo-3:v7
admin/testrepo-3:v8
admin/testrepo-3:v9
admin/testrepo-4:v1
admin/testrepo-4:v10
admin/testrepo-4:v2
admin/testrepo-4:v3
admin/testrepo-4:v4
admin/testrepo-4:v5
admin/testrepo-4:v6
admin/testrepo-4:v7
admin/testrepo-4:v8
admin/testrepo-4:v9
admin/testrepo-5:v1
admin/testrepo-5:v10
admin/testrepo-5:v2
admin/testrepo-5:v3
admin/testrepo-5:v4
admin/testrepo-5:v5
admin/testrepo-5:v6
admin/testrepo-5:v7
admin/testrepo-5:v8
admin/testrepo-5:v9
testuser1/testrepo-1:06112024
testuser1/testrepo-1:06112024_amd64
testuser1/testrepo-1:06112024_amd64_aflac
testuser1/testrepo-1:06112024_arm64
testuser1/testrepo-1:v1
testuser1/testrepo-1:v10
testuser1/testrepo-1:v2
testuser1/testrepo-1:v3
testuser1/testrepo-1:v4
testuser1/testrepo-1:v5
testuser1/testrepo-1:v6
testuser1/testrepo-1:v7
testuser1/testrepo-1:v8
testuser1/testrepo-1:v9
testuser1/testrepo-2:v1
testuser1/testrepo-2:v10
testuser1/testrepo-2:v2
testuser1/testrepo-2:v3
testuser1/testrepo-2:v4
testuser1/testrepo-2:v5
testuser1/testrepo-2:v6
testuser1/testrepo-2:v7
testuser1/testrepo-2:v8
testuser1/testrepo-2:v9
testuser1/testrepo-3:v1
testuser1/testrepo-3:v10
testuser1/testrepo-3:v2
testuser1/testrepo-3:v3
testuser1/testrepo-3:v4
testuser1/testrepo-3:v5
testuser1/testrepo-3:v6
testuser1/testrepo-3:v7
testuser1/testrepo-3:v8
testuser1/testrepo-3:v9
testuser1/testrepo-4:v1
testuser1/testrepo-4:v10
testuser1/testrepo-4:v2
testuser1/testrepo-4:v3
testuser1/testrepo-4:v4
testuser1/testrepo-4:v5
testuser1/testrepo-4:v6
testuser1/testrepo-4:v7
testuser1/testrepo-4:v8
testuser1/testrepo-4:v9
testuser1/testrepo-5:v1
testuser1/testrepo-5:v10
testuser1/testrepo-5:v2
testuser1/testrepo-5:v3
testuser1/testrepo-5:v4
testuser1/testrepo-5:v5
testuser1/testrepo-5:v6
testuser1/testrepo-5:v7
testuser1/testrepo-5:v8
testuser1/testrepo-5:v9
SOURCE_MSR_URL: aws-mke-msr-ubuntu2004-msr-lb-448d46d92d7a72db.elb.eu-west-1.amazonaws.com
DEST_MSR_URL: 3.255.235.204:34034
