Using the environment variables file .msr_data_migration.env.PSTEST

Warning: Permanently added '3.255.235.204' (ED25519) to the list of known hosts.
====== Stage 2: Creating the accounts and adding their corresponding user tokens ======
d4642583-cb3c-4e2e-b54e-59e02b66a52b	
d4642583-cb3c-4e2e-b54e-59e02b66a52b	===== Adding the user migration_user =====
d4642583-cb3c-4e2e-b54e-59e02b66a52b	Inserting the user  (no overwrite)...
d4642583-cb3c-4e2e-b54e-59e02b66a52b	{"deleted":0,"errors":1,"first_error":"Duplicate primary key `name`:\n{\n\t\"accountLock\":\t{\n\t\t\"failures\":\t0,\n\t\t\"locked\":\tfalse\n\t},\n\t\"adminSyncConfig\":\t{\n\t\t\"allowNonLdap\":\tfalse,\n\t\t\"enableSync\":\tfalse,\n\t\t\"groupDN\":\t\"\",\n\t\t\"groupMemberAttr\":\t\"\",\n\t\t\"searchBaseDN\":\t\"\",\n\t\t\"searchFilter\":\t\"\",\n\t\t\"searchScopeSubtree\":\tfalse,\n\t\t\"selectGroupMembers\":\tfalse\n\t},\n\t\"emails\":\t[],\n\t\"familyName\":\t\"\",\n\t\"fullName\":\t\"\",\n\t\"givenName\":\t\"\",\n\t\"id\":\t\"d4642583-cb3c-4e2e-b54e-59e02b66a52b\",\n\t\"isActive\":\ttrue,\n\t\"isAdmin\":\ttrue,\n\t\"isOrg\":\tfalse,\n\t\"ldapDN\":\t\"\",\n\t\"membersCount\":\t0,\n\t\"name\":\t\"migration_user\",\n\t\"nameID\":\t\"\",\n\t\"onDemand\":\tfalse,\n\t\"oneTimePassword\":\t{\n\t\t\"enabled\":\tfalse,\n\t\t\"recoveryCodeHashes\":\t[],\n\t\t\"secret\":\t\"\"\n\t},\n\t\"passwordHash\":\t\"bcrypt$$2a$10$CCDQs7U8zsJFX0Rx6kCqBuOdT3hkPjhq8h2bASJnA0ZilhxYtcw86\",\n\t\"tags\":\tnull,\n\t\"teamsCount\":\t0\n}\n{\n\t\"accountLock\":\t{\n\t\t\"failures\":\t0,\n\t\t\"locked\":\tfalse\n\t},\n\t\"adminSyncConfig\":\t{\n\t\t\"allowNonLdap\":\tfalse,\n\t\t\"enableSync\":\tfalse,\n\t\t\"groupDN\":\t\"\",\n\t\t\"groupMemberAttr\":\t\"\",\n\t\t\"searchBaseDN\":\t\"\",\n\t\t\"searchFilter\":\t\"\",\n\t\t\"searchScopeSubtree\":\tfalse,\n\t\t\"selectGroupMembers\":\tfalse\n\t},\n\t\"emails\":\t[],\n\t\"familyName\":\t\"\",\n\t\"fullName\":\t\"\",\n\t\"givenName\":\t\"\",\n\t\"id\":\t\"d4642583-cb3c-4e2e-b54e-59e02b66a52b\",\n\t\"isActive\":\ttrue,\n\t\"isAdmin\":\ttrue,\n\t\"isOrg\":\tfalse,\n\t\"ldapDN\":\t\"\",\n\t\"membersCount\":\t0,\n\t\"name\":\t\"migration_user\",\n\t\"nameID\":\t\"\",\n\t\"onDemand\":\tfalse,\n\t\"oneTimePassword\":\t{\n\t\t\"enabled\":\tfalse,\n\t\t\"recoveryCodeHashes\":\t[],\n\t\t\"secret\":\t\"\"\n\t},\n\t\"passwordHash\":\t\"bcrypt$$2a$10$CCDQs7U8zsJFX0Rx6kCqBuOdT3hkPjhq8h2bASJnA0ZilhxYtcw86\",\n\t\"tags\":\tnull,\n\t\"teamsCount\":\t0\n}","inserted":0,"replaced":0,"skipped":0,"unchanged":0}
d4642583-cb3c-4e2e-b54e-59e02b66a52b	==== This user has 2 tokens =====
d4642583-cb3c-4e2e-b54e-59e02b66a52b	Token count for user migration_user: 48aacad4350fee985a91e4a03f3c3dd6675dc811498bf4303a3fe320429f6d63
d4642583-cb3c-4e2e-b54e-59e02b66a52b	e4215a836e50283de736ef9a908f5241d0cea9af9adaa83a06e073065c2eab8d
d4642583-cb3c-4e2e-b54e-59e02b66a52b	TOKEN_COUNT: 48aacad4350fee985a91e4a03f3c3dd6675dc811498bf4303a3fe320429f6d63
d4642583-cb3c-4e2e-b54e-59e02b66a52b	e4215a836e50283de736ef9a908f5241d0cea9af9adaa83a06e073065c2eab8d
b1e6ac72-5a31-4e0a-b841-6af57f03a5fc	
b1e6ac72-5a31-4e0a-b841-6af57f03a5fc	===== Adding the user testuser1 =====
b1e6ac72-5a31-4e0a-b841-6af57f03a5fc	Inserting the user  (no overwrite)...
b1e6ac72-5a31-4e0a-b841-6af57f03a5fc	{"deleted":0,"errors":1,"first_error":"Duplicate primary key `name`:\n{\n\t\"accountLock\":\t{\n\t\t\"failures\":\t0,\n\t\t\"locked\":\tfalse\n\t},\n\t\"adminSyncConfig\":\t{\n\t\t\"allowNonLdap\":\tfalse,\n\t\t\"enableSync\":\tfalse,\n\t\t\"groupDN\":\t\"\",\n\t\t\"groupMemberAttr\":\t\"\",\n\t\t\"searchBaseDN\":\t\"\",\n\t\t\"searchFilter\":\t\"\",\n\t\t\"searchScopeSubtree\":\tfalse,\n\t\t\"selectGroupMembers\":\tfalse\n\t},\n\t\"emails\":\t[],\n\t\"familyName\":\t\"\",\n\t\"fullName\":\t\"\",\n\t\"givenName\":\t\"\",\n\t\"id\":\t\"b1e6ac72-5a31-4e0a-b841-6af57f03a5fc\",\n\t\"isActive\":\ttrue,\n\t\"isAdmin\":\tfalse,\n\t\"isOrg\":\tfalse,\n\t\"ldapDN\":\t\"\",\n\t\"membersCount\":\t0,\n\t\"name\":\t\"testuser1\",\n\t\"nameID\":\t\"\",\n\t\"onDemand\":\tfalse,\n\t\"oneTimePassword\":\t{\n\t\t\"enabled\":\tfalse,\n\t\t\"recoveryCodeHashes\":\t[],\n\t\t\"secret\":\t\"\"\n\t},\n\t\"passwordHash\":\t\"bcrypt$$2a$10$PzIxOqbtin4DV2UJ3oC2wuO2gC5936s1pu/DoN8DA1jOrAKU5VAg6\",\n\t\"tags\":\tnull,\n\t\"teamsCount\":\t0\n}\n{\n\t\"accountLock\":\t{\n\t\t\"failures\":\t0,\n\t\t\"locked\":\tfalse\n\t},\n\t\"adminSyncConfig\":\t{\n\t\t\"allowNonLdap\":\tfalse,\n\t\t\"enableSync\":\tfalse,\n\t\t\"groupDN\":\t\"\",\n\t\t\"groupMemberAttr\":\t\"\",\n\t\t\"searchBaseDN\":\t\"\",\n\t\t\"searchFilter\":\t\"\",\n\t\t\"searchScopeSubtree\":\tfalse,\n\t\t\"selectGroupMembers\":\tfalse\n\t},\n\t\"emails\":\t[],\n\t\"familyName\":\t\"\",\n\t\"fullName\":\t\"\",\n\t\"givenName\":\t\"\",\n\t\"id\":\t\"b1e6ac72-5a31-4e0a-b841-6af57f03a5fc\",\n\t\"isActive\":\ttrue,\n\t\"isAdmin\":\tfalse,\n\t\"isOrg\":\tfalse,\n\t\"ldapDN\":\t\"\",\n\t\"membersCount\":\t0,\n\t\"name\":\t\"testuser1\",\n\t\"nameID\":\t\"\",\n\t\"onDemand\":\tfalse,\n\t\"oneTimePassword\":\t{\n\t\t\"enabled\":\tfalse,\n\t\t\"recoveryCodeHashes\":\t[],\n\t\t\"secret\":\t\"\"\n\t},\n\t\"passwordHash\":\t\"bcrypt$$2a$10$PzIxOqbtin4DV2UJ3oC2wuO2gC5936s1pu/DoN8DA1jOrAKU5VAg6\",\n\t\"tags\":\tnull,\n\t\"teamsCount\":\t0\n}","inserted":0,"replaced":0,"skipped":0,"unchanged":0}
b1e6ac72-5a31-4e0a-b841-6af57f03a5fc	==== This user has 1 tokens =====
b1e6ac72-5a31-4e0a-b841-6af57f03a5fc	Token count for user testuser1: 6f6da13a22670f154a15521bfbd379bdfccf772b543fce889185a9c763b0d6e3
b1e6ac72-5a31-4e0a-b841-6af57f03a5fc	TOKEN_COUNT: 6f6da13a22670f154a15521bfbd379bdfccf772b543fce889185a9c763b0d6e3
7c11cea3-1b5a-4671-9777-7f4fd83d969f	
7c11cea3-1b5a-4671-9777-7f4fd83d969f	===== Adding the user testuser2 =====
7c11cea3-1b5a-4671-9777-7f4fd83d969f	Inserting the user  (no overwrite)...
7c11cea3-1b5a-4671-9777-7f4fd83d969f	{"deleted":0,"errors":1,"first_error":"Duplicate primary key `name`:\n{\n\t\"accountLock\":\t{\n\t\t\"failures\":\t0,\n\t\t\"locked\":\tfalse\n\t},\n\t\"adminSyncConfig\":\t{\n\t\t\"allowNonLdap\":\tfalse,\n\t\t\"enableSync\":\tfalse,\n\t\t\"groupDN\":\t\"\",\n\t\t\"groupMemberAttr\":\t\"\",\n\t\t\"searchBaseDN\":\t\"\",\n\t\t\"searchFilter\":\t\"\",\n\t\t\"searchScopeSubtree\":\tfalse,\n\t\t\"selectGroupMembers\":\tfalse\n\t},\n\t\"emails\":\t[],\n\t\"familyName\":\t\"\",\n\t\"fullName\":\t\"\",\n\t\"givenName\":\t\"\",\n\t\"id\":\t\"7c11cea3-1b5a-4671-9777-7f4fd83d969f\",\n\t\"isActive\":\ttrue,\n\t\"isAdmin\":\tfalse,\n\t\"isOrg\":\tfalse,\n\t\"ldapDN\":\t\"\",\n\t\"membersCount\":\t0,\n\t\"name\":\t\"testuser2\",\n\t\"nameID\":\t\"\",\n\t\"onDemand\":\tfalse,\n\t\"oneTimePassword\":\t{\n\t\t\"enabled\":\tfalse,\n\t\t\"recoveryCodeHashes\":\t[],\n\t\t\"secret\":\t\"\"\n\t},\n\t\"passwordHash\":\t\"bcrypt$$2a$10$LsXTgmU/AK7eYcNmwnyuQO8FiImY/svq8l.bNDepEmaDHwY39UqMW\",\n\t\"tags\":\tnull,\n\t\"teamsCount\":\t0\n}\n{\n\t\"accountLock\":\t{\n\t\t\"failures\":\t0,\n\t\t\"locked\":\tfalse\n\t},\n\t\"adminSyncConfig\":\t{\n\t\t\"allowNonLdap\":\tfalse,\n\t\t\"enableSync\":\tfalse,\n\t\t\"groupDN\":\t\"\",\n\t\t\"groupMemberAttr\":\t\"\",\n\t\t\"searchBaseDN\":\t\"\",\n\t\t\"searchFilter\":\t\"\",\n\t\t\"searchScopeSubtree\":\tfalse,\n\t\t\"selectGroupMembers\":\tfalse\n\t},\n\t\"emails\":\t[],\n\t\"familyName\":\t\"\",\n\t\"fullName\":\t\"\",\n\t\"givenName\":\t\"\",\n\t\"id\":\t\"7c11cea3-1b5a-4671-9777-7f4fd83d969f\",\n\t\"isActive\":\ttrue,\n\t\"isAdmin\":\tfalse,\n\t\"isOrg\":\tfalse,\n\t\"ldapDN\":\t\"\",\n\t\"membersCount\":\t0,\n\t\"name\":\t\"testuser2\",\n\t\"nameID\":\t\"\",\n\t\"onDemand\":\tfalse,\n\t\"oneTimePassword\":\t{\n\t\t\"enabled\":\tfalse,\n\t\t\"recoveryCodeHashes\":\t[],\n\t\t\"secret\":\t\"\"\n\t},\n\t\"passwordHash\":\t\"bcrypt$$2a$10$LsXTgmU/AK7eYcNmwnyuQO8FiImY/svq8l.bNDepEmaDHwY39UqMW\",\n\t\"tags\":\tnull,\n\t\"teamsCount\":\t0\n}","inserted":0,"replaced":0,"skipped":0,"unchanged":0}
7c11cea3-1b5a-4671-9777-7f4fd83d969f	==== This user has 1 tokens =====
7c11cea3-1b5a-4671-9777-7f4fd83d969f	Token count for user testuser2: 9339fcad91a0351e5127d9ccd523084f10731c9e35d02daa2f55b2ef326289dc
7c11cea3-1b5a-4671-9777-7f4fd83d969f	TOKEN_COUNT: 9339fcad91a0351e5127d9ccd523084f10731c9e35d02daa2f55b2ef326289dc
966d069e-9092-40dd-bd88-386b1e9e1357	
966d069e-9092-40dd-bd88-386b1e9e1357	===== Adding the user admin =====
966d069e-9092-40dd-bd88-386b1e9e1357	Inserting the user  (no overwrite)...
966d069e-9092-40dd-bd88-386b1e9e1357	{"deleted":0,"errors":1,"first_error":"Duplicate primary key `name`:\n{\n\t\"accountLock\":\t{\n\t\t\"failures\":\t0,\n\t\t\"locked\":\tfalse,\n\t\t\"lockedTime\":\t{\n\t\t\t\"$reql_type$\":\t\"TIME\",\n\t\t\t\"epoch_time\":\t-62135596800,\n\t\t\t\"timezone\":\t\"+00:00\"\n\t\t}\n\t},\n\t\"adminSyncConfig\":\t{\n\t\t\"allowNonLdap\":\tfalse,\n\t\t\"enableSync\":\tfalse,\n\t\t\"groupDN\":\t\"\",\n\t\t\"groupMemberAttr\":\t\"\",\n\t\t\"searchBaseDN\":\t\"\",\n\t\t\"searchFilter\":\t\"\",\n\t\t\"searchScopeSubtree\":\tfalse,\n\t\t\"selectGroupMembers\":\tfalse\n\t},\n\t\"emails\":\t[],\n\t\"familyName\":\t\"\",\n\t\"fullName\":\t\"\",\n\t\"givenName\":\t\"\",\n\t\"id\":\t\"b438ef21-e81e-425a-bfd2-e1c787715413\",\n\t\"isActive\":\ttrue,\n\t\"isAdmin\":\tfalse,\n\t\"isOrg\":\tfalse,\n\t\"ldapDN\":\t\"\",\n\t\"membersCount\":\t0,\n\t\"name\":\t\"admin\",\n\t\"nameID\":\t\"\",\n\t\"onDemand\":\tfalse,\n\t\"oneTimePassword\":\t{\n\t\t\"enabled\":\tfalse,\n\t\t\"recoveryCodeHashes\":\t[],\n\t\t\"secret\":\t\"\"\n\t},\n\t\"passwordHash\":\t\"bcrypt$$2a$10$6xLmNEtiWAnxrz/aXWcSv.3KHbPeuPCPQLQEgTXTmAFelID9ogsKa\",\n\t\"tags\":\tnull,\n\t\"teamsCount\":\t0\n}\n{\n\t\"accountLock\":\t{\n\t\t\"failures\":\t0,\n\t\t\"locked\":\tfalse\n\t},\n\t\"adminSyncConfig\":\t{\n\t\t\"allowNonLdap\":\tfalse,\n\t\t\"enableSync\":\tfalse,\n\t\t\"groupDN\":\t\"\",\n\t\t\"groupMemberAttr\":\t\"\",\n\t\t\"searchBaseDN\":\t\"\",\n\t\t\"searchFilter\":\t\"\",\n\t\t\"searchScopeSubtree\":\tfalse,\n\t\t\"selectGroupMembers\":\tfalse\n\t},\n\t\"emails\":\t[],\n\t\"familyName\":\t\"\",\n\t\"fullName\":\t\"\",\n\t\"givenName\":\t\"\",\n\t\"id\":\t\"966d069e-9092-40dd-bd88-386b1e9e1357\",\n\t\"isActive\":\ttrue,\n\t\"isAdmin\":\ttrue,\n\t\"isOrg\":\tfalse,\n\t\"ldapDN\":\t\"\",\n\t\"membersCount\":\t0,\n\t\"name\":\t\"admin\",\n\t\"nameID\":\t\"\",\n\t\"onDemand\":\tfalse,\n\t\"oneTimePassword\":\t{\n\t\t\"enabled\":\tfalse,\n\t\t\"recoveryCodeHashes\":\t[],\n\t\t\"secret\":\t\"\"\n\t},\n\t\"passwordHash\":\t\"bcrypt$$2a$10$ltxe7VuswpoLoNOwZvbSNOACMxNM1QL3u9oKCWBmfFUZvZMkjX1QS\",\n\t\"tags\":\tnull,\n\t\"teamsCount\":\t0\n}","inserted":0,"replaced":0,"skipped":0,"unchanged":0}
966d069e-9092-40dd-bd88-386b1e9e1357	==== This user has 9 tokens =====
966d069e-9092-40dd-bd88-386b1e9e1357	Token count for user admin: 16b61758ef428f35e770cf3c15c4885bf39bee5c1b7d874f4a14a9b155031869
966d069e-9092-40dd-bd88-386b1e9e1357	6b1fd33c73e464a02ce33f5981392bc435fd79a2a65d682695e090fc3d257637
966d069e-9092-40dd-bd88-386b1e9e1357	aa65f0321bd4ad58d280531d060c819bd4792c07e1eca4b715e1e4f9158615aa
966d069e-9092-40dd-bd88-386b1e9e1357	d1dc526e8e768a27e9190bedb67395699cd79ce7bee1bf61809d9b795cab23e0
966d069e-9092-40dd-bd88-386b1e9e1357	98d0bf335feea4c3ee7ab1a4cadb2bc38b60ec5d7fba152b934fa204438be0f0
966d069e-9092-40dd-bd88-386b1e9e1357	b55a2b2044e1101b9e9be60ba47f4c8846e6b1c8dd49a5b3261d3e4e22a47320
966d069e-9092-40dd-bd88-386b1e9e1357	cb8b47ea8e464a70eecd41bc9b273fff58de8ad9d14c33c581ad037381521b27
966d069e-9092-40dd-bd88-386b1e9e1357	ad03ea3cf34b5341ef1c5ccf834246f4dd459a2830e51f805ad072fb9cb12275
966d069e-9092-40dd-bd88-386b1e9e1357	cd1082fdb7c385b0a1c2328548fc1f491c1f1bfa2503ad77f306a2829fdf5a42
966d069e-9092-40dd-bd88-386b1e9e1357	TOKEN_COUNT: 16b61758ef428f35e770cf3c15c4885bf39bee5c1b7d874f4a14a9b155031869
966d069e-9092-40dd-bd88-386b1e9e1357	6b1fd33c73e464a02ce33f5981392bc435fd79a2a65d682695e090fc3d257637
966d069e-9092-40dd-bd88-386b1e9e1357	aa65f0321bd4ad58d280531d060c819bd4792c07e1eca4b715e1e4f9158615aa
966d069e-9092-40dd-bd88-386b1e9e1357	d1dc526e8e768a27e9190bedb67395699cd79ce7bee1bf61809d9b795cab23e0
966d069e-9092-40dd-bd88-386b1e9e1357	98d0bf335feea4c3ee7ab1a4cadb2bc38b60ec5d7fba152b934fa204438be0f0
966d069e-9092-40dd-bd88-386b1e9e1357	b55a2b2044e1101b9e9be60ba47f4c8846e6b1c8dd49a5b3261d3e4e22a47320
966d069e-9092-40dd-bd88-386b1e9e1357	cb8b47ea8e464a70eecd41bc9b273fff58de8ad9d14c33c581ad037381521b27
966d069e-9092-40dd-bd88-386b1e9e1357	ad03ea3cf34b5341ef1c5ccf834246f4dd459a2830e51f805ad072fb9cb12275
966d069e-9092-40dd-bd88-386b1e9e1357	cd1082fdb7c385b0a1c2328548fc1f491c1f1bfa2503ad77f306a2829fdf5a42

==== Migration completed successfully! ====
