Using the environment variables file .msr_data_migration.env.PSTEST

====== Stage 2: Creating the accounts and adding their corresponding user tokens ======
d4642583-cb3c-4e2e-b54e-59e02b66a52b	
d4642583-cb3c-4e2e-b54e-59e02b66a52b	===== Adding the user migration_user =====
d4642583-cb3c-4e2e-b54e-59e02b66a52b	Inserting the user  (no overwrite)...
d4642583-cb3c-4e2e-b54e-59e02b66a52b	Error: Failed to insert the user .
d4642583-cb3c-4e2e-b54e-59e02b66a52b	
d4642583-cb3c-4e2e-b54e-59e02b66a52b	==== This user has 2 tokens =====
d4642583-cb3c-4e2e-b54e-59e02b66a52b	Token count for user migration_user: 48aacad4350fee985a91e4a03f3c3dd6675dc811498bf4303a3fe320429f6d63
d4642583-cb3c-4e2e-b54e-59e02b66a52b	e4215a836e50283de736ef9a908f5241d0cea9af9adaa83a06e073065c2eab8d
d4642583-cb3c-4e2e-b54e-59e02b66a52b	TOKEN_COUNT: 48aacad4350fee985a91e4a03f3c3dd6675dc811498bf4303a3fe320429f6d63
d4642583-cb3c-4e2e-b54e-59e02b66a52b	e4215a836e50283de736ef9a908f5241d0cea9af9adaa83a06e073065c2eab8d
d4642583-cb3c-4e2e-b54e-59e02b66a52b	error: pod, type/name or --filename must be specified
966d069e-9092-40dd-bd88-386b1e9e1357	
966d069e-9092-40dd-bd88-386b1e9e1357	===== Adding the user admin =====
966d069e-9092-40dd-bd88-386b1e9e1357	Inserting the user  (no overwrite)...
966d069e-9092-40dd-bd88-386b1e9e1357	Error: Failed to insert the user .
966d069e-9092-40dd-bd88-386b1e9e1357	
966d069e-9092-40dd-bd88-386b1e9e1357	==== This user has 9 tokens =====
966d069e-9092-40dd-bd88-386b1e9e1357	Token count for user admin: 16b61758ef428f35e770cf3c15c4885bf39bee5c1b7d874f4a14a9b155031869
966d069e-9092-40dd-bd88-386b1e9e1357	6b1fd33c73e464a02ce33f5981392bc435fd79a2a65d682695e090fc3d257637
966d069e-9092-40dd-bd88-386b1e9e1357	aa65f0321bd4ad58d280531d060c819bd4792c07e1eca4b715e1e4f9158615aa
966d069e-9092-40dd-bd88-386b1e9e1357	d1dc526e8e768a27e9190bedb67395699cd79ce7bee1bf61809d9b795cab23e0
966d069e-9092-40dd-bd88-386b1e9e1357	98d0bf335feea4c3ee7ab1a4cadb2bc38b60ec5d7fba152b934fa204438be0f0
966d069e-9092-40dd-bd88-386b1e9e1357	b55a2b2044e1101b9e9be60ba47f4c8846e6b1c8dd49a5b3261d3e4e22a47320
966d069e-9092-40dd-bd88-386b1e9e1357	cb8b47ea8e464a70eecd41bc9b273fff58de8ad9d14c33c581ad037381521b27
966d069e-9092-40dd-bd88-386b1e9e1357	ad03ea3cf34b5341ef1c5ccf834246f4dd459a2830e51f805ad072fb9cb12275
966d069e-9092-40dd-bd88-386b1e9e1357	cd1082fdb7c385b0a1c2328548fc1f491c1f1bfa2503ad77f306a2829fdf5a42
966d069e-9092-40dd-bd88-386b1e9e1357	TOKEN_COUNT: 16b61758ef428f35e770cf3c15c4885bf39bee5c1b7d874f4a14a9b155031869
966d069e-9092-40dd-bd88-386b1e9e1357	6b1fd33c73e464a02ce33f5981392bc435fd79a2a65d682695e090fc3d257637
966d069e-9092-40dd-bd88-386b1e9e1357	aa65f0321bd4ad58d280531d060c819bd4792c07e1eca4b715e1e4f9158615aa
966d069e-9092-40dd-bd88-386b1e9e1357	d1dc526e8e768a27e9190bedb67395699cd79ce7bee1bf61809d9b795cab23e0
966d069e-9092-40dd-bd88-386b1e9e1357	98d0bf335feea4c3ee7ab1a4cadb2bc38b60ec5d7fba152b934fa204438be0f0
966d069e-9092-40dd-bd88-386b1e9e1357	b55a2b2044e1101b9e9be60ba47f4c8846e6b1c8dd49a5b3261d3e4e22a47320
966d069e-9092-40dd-bd88-386b1e9e1357	cb8b47ea8e464a70eecd41bc9b273fff58de8ad9d14c33c581ad037381521b27
966d069e-9092-40dd-bd88-386b1e9e1357	ad03ea3cf34b5341ef1c5ccf834246f4dd459a2830e51f805ad072fb9cb12275
966d069e-9092-40dd-bd88-386b1e9e1357	cd1082fdb7c385b0a1c2328548fc1f491c1f1bfa2503ad77f306a2829fdf5a42
966d069e-9092-40dd-bd88-386b1e9e1357	error: pod, type/name or --filename must be specified
7c11cea3-1b5a-4671-9777-7f4fd83d969f	
7c11cea3-1b5a-4671-9777-7f4fd83d969f	===== Adding the user testuser2 =====
7c11cea3-1b5a-4671-9777-7f4fd83d969f	Inserting the user  (no overwrite)...
7c11cea3-1b5a-4671-9777-7f4fd83d969f	Error: Failed to insert the user .
7c11cea3-1b5a-4671-9777-7f4fd83d969f	
7c11cea3-1b5a-4671-9777-7f4fd83d969f	==== This user has 1 tokens =====
7c11cea3-1b5a-4671-9777-7f4fd83d969f	Token count for user testuser2: 9339fcad91a0351e5127d9ccd523084f10731c9e35d02daa2f55b2ef326289dc
7c11cea3-1b5a-4671-9777-7f4fd83d969f	TOKEN_COUNT: 9339fcad91a0351e5127d9ccd523084f10731c9e35d02daa2f55b2ef326289dc
7c11cea3-1b5a-4671-9777-7f4fd83d969f	error: pod, type/name or --filename must be specified
b1e6ac72-5a31-4e0a-b841-6af57f03a5fc	
b1e6ac72-5a31-4e0a-b841-6af57f03a5fc	===== Adding the user testuser1 =====
b1e6ac72-5a31-4e0a-b841-6af57f03a5fc	Inserting the user  (no overwrite)...
b1e6ac72-5a31-4e0a-b841-6af57f03a5fc	Error: Failed to insert the user .
b1e6ac72-5a31-4e0a-b841-6af57f03a5fc	
b1e6ac72-5a31-4e0a-b841-6af57f03a5fc	==== This user has 1 tokens =====
b1e6ac72-5a31-4e0a-b841-6af57f03a5fc	Token count for user testuser1: 6f6da13a22670f154a15521bfbd379bdfccf772b543fce889185a9c763b0d6e3
b1e6ac72-5a31-4e0a-b841-6af57f03a5fc	TOKEN_COUNT: 6f6da13a22670f154a15521bfbd379bdfccf772b543fce889185a9c763b0d6e3
b1e6ac72-5a31-4e0a-b841-6af57f03a5fc	error: pod, type/name or --filename must be specified

==== Migration completed successfully! ====
